<?xml version="1.0" encoding="UTF-8"?>
<!-- Generated by org.testng.reporters.JUnitXMLReporter -->
<testsuite hostname="QSIH-00493" name="sample test" tests="1" failures="1" timestamp="23 Aug 2015 03:06:33 GMT" time="73.893" errors="0">
  <testcase name="clickOnJobsbyLocationsLinks" time="63.634" classname="com.nk.tests.HomePageTest">
    <failure type="java.lang.Exception" message="FAILED WHILE VERIFYING AND CLICKING ON THE JOBS BY LINKS 
 clickOnJobsbyLocationsLinks FAILED TO GET THE LOCATIONS NAME IN verifylocationnameUnable to locate element: {&amp;quot;method&amp;quot;:&amp;quot;xpath&amp;quot;,&amp;quot;selector&amp;quot;:&amp;quot;//div[@class=&amp;apos;count&amp;apos;]/h1/span[3]&amp;quot;}
Command duration or timeout: 10.11 seconds
For documentation on this error, please visit: http://seleniumhq.org/exceptions/no_such_element.html
Build info: version: &amp;apos;2.47.0&amp;apos;, revision: &amp;apos;0e4837e94b1fad0db93e88cd972ed3e235a22892&amp;apos;, time: &amp;apos;2015-07-29 15:58:41&amp;apos;
System info: host: &amp;apos;QSIH-00493&amp;apos;, ip: &amp;apos;192.168.1.2&amp;apos;, os.name: &amp;apos;Windows 7&amp;apos;, os.arch: &amp;apos;x86&amp;apos;, os.version: &amp;apos;6.1&amp;apos;, java.version: &amp;apos;1.7.0_79&amp;apos;
*** Element info: {Using=xpath, value=//div[@class=&amp;apos;count&amp;apos;]/h1/span[3]}
Session ID: d185c299-2f6b-4878-b552-e52522ec3985
Driver info: org.openqa.selenium.firefox.FirefoxDriver
Capabilities [{platform=WINDOWS, acceptSslCerts=true, javascriptEnabled=true, cssSelectorsEnabled=true, databaseEnabled=true, browserName=firefox, handlesAlerts=true, nativeEvents=false, webStorageEnabled=true, rotatable=false, locationContextEnabled=true, applicationCacheEnabled=true, takesScreenshot=true, version=37.0.2}]">
      <![CDATA[java.lang.Exception: FAILED WHILE VERIFYING AND CLICKING ON THE JOBS BY LINKS 
 clickOnJobsbyLocationsLinks FAILED TO GET THE LOCATIONS NAME IN verifylocationnameUnable to locate element: {"method":"xpath","selector":"//div[@class='count']/h1/span[3]"}
Command duration or timeout: 10.11 seconds
For documentation on this error, please visit: http://seleniumhq.org/exceptions/no_such_element.html
Build info: version: '2.47.0', revision: '0e4837e94b1fad0db93e88cd972ed3e235a22892', time: '2015-07-29 15:58:41'
System info: host: 'QSIH-00493', ip: '192.168.1.2', os.name: 'Windows 7', os.arch: 'x86', os.version: '6.1', java.version: '1.7.0_79'
*** Element info: {Using=xpath, value=//div[@class='count']/h1/span[3]}
Session ID: d185c299-2f6b-4878-b552-e52522ec3985
Driver info: org.openqa.selenium.firefox.FirefoxDriver
Capabilities [{platform=WINDOWS, acceptSslCerts=true, javascriptEnabled=true, cssSelectorsEnabled=true, databaseEnabled=true, browserName=firefox, handlesAlerts=true, nativeEvents=false, webStorageEnabled=true, rotatable=false, locationContextEnabled=true, applicationCacheEnabled=true, takesScreenshot=true, version=37.0.2}]
	at com.nk.tests.HomePageTest.clickOnJobsbyLocationsLinks(HomePageTest.java:294)
... Removed 24 stack frames]]>
    </failure>
  </testcase> <!-- clickOnJobsbyLocationsLinks -->
</testsuite> <!-- sample test -->
