<?xml version="1.0" encoding="UTF-8"?>
<testng-results skipped="0" failed="1" total="1" passed="0">
  <reporter-output>
  </reporter-output>
  <suite name="Page Object test example" duration-ms="73893" started-at="2015-08-23T03:05:20Z" finished-at="2015-08-23T03:06:33Z">
    <groups>
    </groups>
    <test name="sample test" duration-ms="73893" started-at="2015-08-23T03:05:20Z" finished-at="2015-08-23T03:06:33Z">
      <class name="com.nk.tests.HomePageTest">
        <test-method status="PASS" signature="setup(java.lang.String, java.lang.String)[pri:0, instance:com.nk.tests.HomePageTest@1dac8a5]" name="setup" is-config="true" duration-ms="9522" started-at="2015-08-23T08:35:20Z" finished-at="2015-08-23T08:35:29Z">
          <params>
            <param index="0">
              <value>
                <![CDATA[FF]]>
              </value>
            </param>
            <param index="1">
              <value>
                <![CDATA[http://www.naukri.com/]]>
              </value>
            </param>
          </params>
          <reporter-output>
          </reporter-output>
        </test-method> <!-- setup -->
        <test-method status="FAIL" signature="clickOnJobsbyLocationsLinks()[pri:0, instance:com.nk.tests.HomePageTest@1dac8a5]" name="clickOnJobsbyLocationsLinks" duration-ms="63634" started-at="2015-08-23T08:35:29Z" finished-at="2015-08-23T08:36:33Z">
          <exception class="java.lang.Exception">
            <message>
              <![CDATA[FAILED WHILE VERIFYING AND CLICKING ON THE JOBS BY LINKS 
 clickOnJobsbyLocationsLinks FAILED TO GET THE LOCATIONS NAME IN verifylocationnameUnable to locate element: {"method":"xpath","selector":"//div[@class='count']/h1/span[3]"}
Command duration or timeout: 10.11 seconds
For documentation on this error, please visit: http://seleniumhq.org/exceptions/no_such_element.html
Build info: version: '2.47.0', revision: '0e4837e94b1fad0db93e88cd972ed3e235a22892', time: '2015-07-29 15:58:41'
System info: host: 'QSIH-00493', ip: '192.168.1.2', os.name: 'Windows 7', os.arch: 'x86', os.version: '6.1', java.version: '1.7.0_79'
*** Element info: {Using=xpath, value=//div[@class='count']/h1/span[3]}
Session ID: d185c299-2f6b-4878-b552-e52522ec3985
Driver info: org.openqa.selenium.firefox.FirefoxDriver
Capabilities [{platform=WINDOWS, acceptSslCerts=true, javascriptEnabled=true, cssSelectorsEnabled=true, databaseEnabled=true, browserName=firefox, handlesAlerts=true, nativeEvents=false, webStorageEnabled=true, rotatable=false, locationContextEnabled=true, applicationCacheEnabled=true, takesScreenshot=true, version=37.0.2}]]]>
            </message>
            <full-stacktrace>
              <![CDATA[java.lang.Exception: FAILED WHILE VERIFYING AND CLICKING ON THE JOBS BY LINKS 
 clickOnJobsbyLocationsLinks FAILED TO GET THE LOCATIONS NAME IN verifylocationnameUnable to locate element: {"method":"xpath","selector":"//div[@class='count']/h1/span[3]"}
Command duration or timeout: 10.11 seconds
For documentation on this error, please visit: http://seleniumhq.org/exceptions/no_such_element.html
Build info: version: '2.47.0', revision: '0e4837e94b1fad0db93e88cd972ed3e235a22892', time: '2015-07-29 15:58:41'
System info: host: 'QSIH-00493', ip: '192.168.1.2', os.name: 'Windows 7', os.arch: 'x86', os.version: '6.1', java.version: '1.7.0_79'
*** Element info: {Using=xpath, value=//div[@class='count']/h1/span[3]}
Session ID: d185c299-2f6b-4878-b552-e52522ec3985
Driver info: org.openqa.selenium.firefox.FirefoxDriver
Capabilities [{platform=WINDOWS, acceptSslCerts=true, javascriptEnabled=true, cssSelectorsEnabled=true, databaseEnabled=true, browserName=firefox, handlesAlerts=true, nativeEvents=false, webStorageEnabled=true, rotatable=false, locationContextEnabled=true, applicationCacheEnabled=true, takesScreenshot=true, version=37.0.2}]
	at com.nk.tests.HomePageTest.clickOnJobsbyLocationsLinks(HomePageTest.java:294)
	at sun.reflect.NativeMethodAccessorImpl.invoke0(Native Method)
	at sun.reflect.NativeMethodAccessorImpl.invoke(NativeMethodAccessorImpl.java:57)
	at sun.reflect.DelegatingMethodAccessorImpl.invoke(DelegatingMethodAccessorImpl.java:43)
	at java.lang.reflect.Method.invoke(Method.java:606)
	at org.testng.internal.MethodInvocationHelper.invokeMethod(MethodInvocationHelper.java:85)
	at org.testng.internal.Invoker.invokeMethod(Invoker.java:659)
	at org.testng.internal.Invoker.invokeTestMethod(Invoker.java:845)
	at org.testng.internal.Invoker.invokeTestMethods(Invoker.java:1153)
	at org.testng.internal.TestMethodWorker.invokeTestMethods(TestMethodWorker.java:125)
	at org.testng.internal.TestMethodWorker.run(TestMethodWorker.java:108)
	at org.testng.TestRunner.privateRun(TestRunner.java:771)
	at org.testng.TestRunner.run(TestRunner.java:621)
	at org.testng.SuiteRunner.runTest(SuiteRunner.java:357)
	at org.testng.SuiteRunner.runSequentially(SuiteRunner.java:352)
	at org.testng.SuiteRunner.privateRun(SuiteRunner.java:310)
	at org.testng.SuiteRunner.run(SuiteRunner.java:259)
	at org.testng.SuiteRunnerWorker.runSuite(SuiteRunnerWorker.java:52)
	at org.testng.SuiteRunnerWorker.run(SuiteRunnerWorker.java:86)
	at org.testng.TestNG.runSuitesSequentially(TestNG.java:1199)
	at org.testng.TestNG.runSuitesLocally(TestNG.java:1124)
	at org.testng.TestNG.run(TestNG.java:1032)
	at org.testng.remote.RemoteTestNG.run(RemoteTestNG.java:111)
	at org.testng.remote.RemoteTestNG.initAndRun(RemoteTestNG.java:204)
	at org.testng.remote.RemoteTestNG.main(RemoteTestNG.java:175)
]]>
            </full-stacktrace>
          </exception> <!-- java.lang.Exception -->
          <reporter-output>
          </reporter-output>
        </test-method> <!-- clickOnJobsbyLocationsLinks -->
        <test-method status="PASS" signature="tearDown()[pri:0, instance:com.nk.tests.HomePageTest@1dac8a5]" name="tearDown" is-config="true" duration-ms="725" started-at="2015-08-23T08:36:33Z" finished-at="2015-08-23T08:36:33Z">
          <reporter-output>
          </reporter-output>
        </test-method> <!-- tearDown -->
      </class> <!-- com.nk.tests.HomePageTest -->
    </test> <!-- sample test -->
  </suite> <!-- Page Object test example -->
</testng-results>
